25-Sep-2019 07:07:32.305 INFORMAZIONI [main] org.apache.catalina.startup.VersionLoggerListener.log Server version:        Apache Tomcat/9.0.6
25-Sep-2019 07:07:32.305 INFORMAZIONI [main] org.apache.catalina.startup.VersionLoggerListener.log Server built:          Mar 5 2018 09:34:35 UTC
25-Sep-2019 07:07:32.305 INFORMAZIONI [main] org.apache.catalina.startup.VersionLoggerListener.log Server number:         9.0.6.0
25-Sep-2019 07:07:32.305 INFORMAZIONI [main] org.apache.catalina.startup.VersionLoggerListener.log OS Name:               Windows 10
25-Sep-2019 07:07:32.305 INFORMAZIONI [main] org.apache.catalina.startup.VersionLoggerListener.log OS Version:            10.0
25-Sep-2019 07:07:32.305 INFORMAZIONI [main] org.apache.catalina.startup.VersionLoggerListener.log Architecture:          amd64
25-Sep-2019 07:07:32.305 INFORMAZIONI [main] org.apache.catalina.startup.VersionLoggerListener.log Java Home:             C:\Program Files\Java\jdk1.8.0_181\jre
25-Sep-2019 07:07:32.305 INFORMAZIONI [main] org.apache.catalina.startup.VersionLoggerListener.log JVM Version:           1.8.0_181-b13
25-Sep-2019 07:07:32.305 INFORMAZIONI [main] org.apache.catalina.startup.VersionLoggerListener.log JVM Vendor:            Oracle Corporation
25-Sep-2019 07:07:32.305 INFORMAZIONI [main] org.apache.catalina.startup.VersionLoggerListener.log CATALINA_BASE:         C:\Users\ganda\Desktop\HD Tes\gitlay\gitlay-workspace\bundles\tomcat-9.0.6
25-Sep-2019 07:07:32.305 INFORMAZIONI [main] org.apache.catalina.startup.VersionLoggerListener.log CATALINA_HOME:         C:\Users\ganda\Desktop\HD Tes\gitlay\gitlay-workspace\bundles\tomcat-9.0.6
25-Sep-2019 07:07:32.305 INFORMAZIONI [main] org.apache.catalina.startup.VersionLoggerListener.log Command line argument: -Xmx1024m
25-Sep-2019 07:07:32.305 INFORMAZIONI [main] org.apache.catalina.startup.VersionLoggerListener.log Command line argument: -Dcatalina.base=C:/Users/ganda/Desktop/HD Tes/gitlay/gitlay-workspace/bundles/tomcat-9.0.6
25-Sep-2019 07:07:32.305 INFORMAZIONI [main] org.apache.catalina.startup.VersionLoggerListener.log Command line argument: -Dcatalina.home=C:/Users/ganda/Desktop/HD Tes/gitlay/gitlay-workspace/bundles/tomcat-9.0.6
25-Sep-2019 07:07:32.305 INFORMAZIONI [main] org.apache.catalina.startup.VersionLoggerListener.log Command line argument: -Djdk.tls.ephemeralDHKeySize=2048
25-Sep-2019 07:07:32.305 INFORMAZIONI [main] org.apache.catalina.startup.VersionLoggerListener.log Command line argument: -Djava.protocol.handler.pkgs=org.apache.catalina.webresources
25-Sep-2019 07:07:32.305 INFORMAZIONI [main] org.apache.catalina.startup.VersionLoggerListener.log Command line argument: -Dorg.apache.catalina.security.SecurityListener.UMASK=0027
25-Sep-2019 07:07:32.305 INFORMAZIONI [main] org.apache.catalina.startup.VersionLoggerListener.log Command line argument: -Dcom.sun.management.jmxremote
25-Sep-2019 07:07:32.305 INFORMAZIONI [main] org.apache.catalina.startup.VersionLoggerListener.log Command line argument: -Dcom.sun.management.jmxremote.authenticate=false
25-Sep-2019 07:07:32.305 INFORMAZIONI [main] org.apache.catalina.startup.VersionLoggerListener.log Command line argument: -Dcom.sun.management.jmxremote.port=8099
25-Sep-2019 07:07:32.305 INFORMAZIONI [main] org.apache.catalina.startup.VersionLoggerListener.log Command line argument: -Dcom.sun.management.jmxremote.ssl=false
25-Sep-2019 07:07:32.305 INFORMAZIONI [main] org.apache.catalina.startup.VersionLoggerListener.log Command line argument: -Dfile.encoding=UTF8
25-Sep-2019 07:07:32.305 INFORMAZIONI [main] org.apache.catalina.startup.VersionLoggerListener.log Command line argument: -Djava.endorsed.dirs=C:/Users/ganda/Desktop/HD Tes/gitlay/gitlay-workspace/bundles/tomcat-9.0.6/endorsed
25-Sep-2019 07:07:32.305 INFORMAZIONI [main] org.apache.catalina.startup.VersionLoggerListener.log Command line argument: -Djava.io.tmpdir=C:/Users/ganda/Desktop/HD Tes/gitlay/gitlay-workspace/bundles/tomcat-9.0.6/temp
25-Sep-2019 07:07:32.321 INFORMAZIONI [main] org.apache.catalina.startup.VersionLoggerListener.log Command line argument: -Djava.net.preferIPv4Stack=true
25-Sep-2019 07:07:32.321 INFORMAZIONI [main] org.apache.catalina.startup.VersionLoggerListener.log Command line argument: -Djava.util.logging.config.file=C:/Users/ganda/Desktop/HD Tes/gitlay/gitlay-workspace/bundles/tomcat-9.0.6/conf/logging.properties
25-Sep-2019 07:07:32.321 INFORMAZIONI [main] org.apache.catalina.startup.VersionLoggerListener.log Command line argument: -Djava.util.logging.manager=org.apache.juli.ClassLoaderLogManager
25-Sep-2019 07:07:32.321 INFORMAZIONI [main] org.apache.catalina.startup.VersionLoggerListener.log Command line argument: -Dorg.apache.catalina.loader.WebappClassLoader.ENABLE_CLEAR_REFERENCES=false
25-Sep-2019 07:07:32.321 INFORMAZIONI [main] org.apache.catalina.startup.VersionLoggerListener.log Command line argument: -Duser.timezone=GMT
25-Sep-2019 07:07:32.321 INFORMAZIONI [main] org.apache.catalina.core.AprLifecycleListener.lifecycleEvent The APR based Apache Tomcat Native library which allows optimal performance in production environments was not found on the java.library.path: [C:\Program Files\Java\jdk1.8.0_181\bin;C:\WINDOWS\Sun\Java\bin;C:\WINDOWS\system32;C:\WINDOWS;C:/Program Files/Java/jdk1.8.0_181/bin/../jre/bin/server;C:/Program Files/Java/jdk1.8.0_181/bin/../jre/bin;C:/Program Files/Java/jdk1.8.0_181/bin/../jre/lib/amd64;C:\windows\system32;C:\windows;C:\windows\System32\Wbem;C:\windows\System32\WindowsPowerShell\v1.0\;C:\windows\System32\OpenSSH\;C:\Program Files (x86)\NVIDIA Corporation\PhysX\Common;C:\WINDOWS\system32;C:\WINDOWS;C:\WINDOWS\System32\Wbem;C:\WINDOWS\System32\WindowsPowerShell\v1.0\;C:\WINDOWS\System32\OpenSSH\;C:\Users\ganda\.jpm\windows\bin;C:\Program Files\Java\jdk1.8.0_181\bin;C:\Program Files (x86)\Intel\Intel(R) Management Engine Components\DAL;C:\Program Files\Intel\Intel(R) Management Engine Components\DAL;C:\Program Files\nodejs\;C:\Program Files\Git\cmd;C:\Program Files\MySQL\MySQL Shell 8.0\bin\;C:\Users\ganda\AppData\Local\Programs\Microsoft VS Code\bin;C:\Users\ganda\AppData\Local\Microsoft\WindowsApps;;C:\Program Files\JetBrains\IntelliJ IDEA Community Edition 2019.2.2\bin;;C:\Users\ganda\AppData\Roaming\npm;C:\Program Files (x86)\LiferayProjectSDKwithDevStudioDXP\liferay-developer-studio;;.]
25-Sep-2019 07:07:32.437 INFORMAZIONI [main] org.apache.coyote.AbstractProtocol.init Initializing ProtocolHandler ["http-nio-8080"]
25-Sep-2019 07:07:32.443 INFORMAZIONI [main] org.apache.tomcat.util.net.NioSelectorPool.getSharedSelector Using a shared selector for servlet write/read
25-Sep-2019 07:07:32.459 INFORMAZIONI [main] org.apache.coyote.AbstractProtocol.init Initializing ProtocolHandler ["ajp-nio-8009"]
25-Sep-2019 07:07:32.459 INFORMAZIONI [main] org.apache.tomcat.util.net.NioSelectorPool.getSharedSelector Using a shared selector for servlet write/read
25-Sep-2019 07:07:32.459 INFORMAZIONI [main] org.apache.catalina.startup.Catalina.load Initialization processed in 424 ms
25-Sep-2019 07:07:32.474 INFORMAZIONI [main] org.apache.catalina.core.StandardService.startInternal Starting service [Catalina]
25-Sep-2019 07:07:32.474 INFORMAZIONI [main] org.apache.catalina.core.StandardEngine.startInternal Starting Servlet Engine: Apache Tomcat/9.0.6
25-Sep-2019 07:07:32.474 INFORMAZIONI [main] org.apache.catalina.startup.HostConfig.deployDescriptor Deploying deployment descriptor [C:\Users\ganda\Desktop\HD Tes\gitlay\gitlay-workspace\bundles\tomcat-9.0.6\conf\Catalina\localhost\ROOT.xml]
25-Sep-2019 07:07:32.490 AVVERTENZA [main] org.apache.catalina.startup.HostConfig.deployDescriptor The path attribute with value [] in deployment descriptor [C:\Users\ganda\Desktop\HD Tes\gitlay\gitlay-workspace\bundles\tomcat-9.0.6\conf\Catalina\localhost\ROOT.xml] has been ignored
25-Sep-2019 07:16:14.923 INFORMAZIONI [main] org.apache.catalina.startup.HostConfig.deployDescriptor Deployment of deployment descriptor [C:\Users\ganda\Desktop\HD Tes\gitlay\gitlay-workspace\bundles\tomcat-9.0.6\conf\Catalina\localhost\ROOT.xml] has finished in [522,449] ms
25-Sep-2019 07:16:14.939 INFORMAZIONI [main] org.apache.coyote.AbstractProtocol.start Starting ProtocolHandler ["http-nio-8080"]
25-Sep-2019 07:16:14.939 INFORMAZIONI [main] org.apache.coyote.AbstractProtocol.start Starting ProtocolHandler ["ajp-nio-8009"]
25-Sep-2019 07:16:14.939 INFORMAZIONI [main] org.apache.catalina.startup.Catalina.start Server startup in 522488 ms
25-Sep-2019 07:23:29.177 INFORMAZIONI [main] org.apache.catalina.core.StandardServer.await A valid shutdown command was received via the shutdown port. Stopping the Server instance.
25-Sep-2019 07:23:29.183 INFORMAZIONI [main] org.apache.coyote.AbstractProtocol.pause Pausing ProtocolHandler ["http-nio-8080"]
25-Sep-2019 07:23:29.414 INFORMAZIONI [main] org.apache.coyote.AbstractProtocol.pause Pausing ProtocolHandler ["ajp-nio-8009"]
25-Sep-2019 07:23:29.630 INFORMAZIONI [main] org.apache.catalina.core.StandardService.stopInternal Stopping service [Catalina]
25-Sep-2019 07:23:38.828 GRAVE [main] org.apache.catalina.loader.WebappClassLoaderBase.checkThreadLocalMapForLeaks The web application [ROOT] created a ThreadLocal with key of type [java.lang.ThreadLocal] (value [java.lang.ThreadLocal@2b4e47eb]) and a value of type [io.netty.util.internal.InternalThreadLocalMap] (value [io.netty.util.internal.InternalThreadLocalMap@77f7a87f]) but failed to remove it when the web application was stopped. Threads are going to be renewed over time to try and avoid a probable memory leak.
25-Sep-2019 07:23:38.845 INFORMAZIONI [main] org.apache.coyote.AbstractProtocol.stop Stopping ProtocolHandler ["http-nio-8080"]
25-Sep-2019 07:23:38.850 INFORMAZIONI [main] org.apache.coyote.AbstractProtocol.stop Stopping ProtocolHandler ["ajp-nio-8009"]
25-Sep-2019 07:23:38.852 INFORMAZIONI [main] org.apache.coyote.AbstractProtocol.destroy Destroying ProtocolHandler ["http-nio-8080"]
25-Sep-2019 07:23:38.852 INFORMAZIONI [main] org.apache.coyote.AbstractProtocol.destroy Destroying ProtocolHandler ["ajp-nio-8009"]
25-Sep-2019 07:23:45.500 INFORMAZIONI [main] org.apache.catalina.startup.VersionLoggerListener.log Server version:        Apache Tomcat/9.0.6
25-Sep-2019 07:23:45.500 INFORMAZIONI [main] org.apache.catalina.startup.VersionLoggerListener.log Server built:          Mar 5 2018 09:34:35 UTC
25-Sep-2019 07:23:45.500 INFORMAZIONI [main] org.apache.catalina.startup.VersionLoggerListener.log Server number:         9.0.6.0
25-Sep-2019 07:23:45.500 INFORMAZIONI [main] org.apache.catalina.startup.VersionLoggerListener.log OS Name:               Windows 10
25-Sep-2019 07:23:45.500 INFORMAZIONI [main] org.apache.catalina.startup.VersionLoggerListener.log OS Version:            10.0
25-Sep-2019 07:23:45.500 INFORMAZIONI [main] org.apache.catalina.startup.VersionLoggerListener.log Architecture:          amd64
25-Sep-2019 07:23:45.500 INFORMAZIONI [main] org.apache.catalina.startup.VersionLoggerListener.log Java Home:             C:\Program Files\Java\jdk1.8.0_181\jre
25-Sep-2019 07:23:45.500 INFORMAZIONI [main] org.apache.catalina.startup.VersionLoggerListener.log JVM Version:           1.8.0_181-b13
25-Sep-2019 07:23:45.500 INFORMAZIONI [main] org.apache.catalina.startup.VersionLoggerListener.log JVM Vendor:            Oracle Corporation
25-Sep-2019 07:23:45.500 INFORMAZIONI [main] org.apache.catalina.startup.VersionLoggerListener.log CATALINA_BASE:         C:\Users\ganda\Desktop\HD Tes\gitlay\gitlay-workspace\bundles\tomcat-9.0.6
25-Sep-2019 07:23:45.500 INFORMAZIONI [main] org.apache.catalina.startup.VersionLoggerListener.log CATALINA_HOME:         C:\Users\ganda\Desktop\HD Tes\gitlay\gitlay-workspace\bundles\tomcat-9.0.6
25-Sep-2019 07:23:45.500 INFORMAZIONI [main] org.apache.catalina.startup.VersionLoggerListener.log Command line argument: -Xmx1024m
25-Sep-2019 07:23:45.500 INFORMAZIONI [main] org.apache.catalina.startup.VersionLoggerListener.log Command line argument: -Dcatalina.base=C:/Users/ganda/Desktop/HD Tes/gitlay/gitlay-workspace/bundles/tomcat-9.0.6
25-Sep-2019 07:23:45.500 INFORMAZIONI [main] org.apache.catalina.startup.VersionLoggerListener.log Command line argument: -Dcatalina.home=C:/Users/ganda/Desktop/HD Tes/gitlay/gitlay-workspace/bundles/tomcat-9.0.6
25-Sep-2019 07:23:45.500 INFORMAZIONI [main] org.apache.catalina.startup.VersionLoggerListener.log Command line argument: -Djdk.tls.ephemeralDHKeySize=2048
25-Sep-2019 07:23:45.500 INFORMAZIONI [main] org.apache.catalina.startup.VersionLoggerListener.log Command line argument: -Djava.protocol.handler.pkgs=org.apache.catalina.webresources
25-Sep-2019 07:23:45.500 INFORMAZIONI [main] org.apache.catalina.startup.VersionLoggerListener.log Command line argument: -Dorg.apache.catalina.security.SecurityListener.UMASK=0027
25-Sep-2019 07:23:45.500 INFORMAZIONI [main] org.apache.catalina.startup.VersionLoggerListener.log Command line argument: -Dcom.sun.management.jmxremote
25-Sep-2019 07:23:45.500 INFORMAZIONI [main] org.apache.catalina.startup.VersionLoggerListener.log Command line argument: -Dcom.sun.management.jmxremote.authenticate=false
25-Sep-2019 07:23:45.500 INFORMAZIONI [main] org.apache.catalina.startup.VersionLoggerListener.log Command line argument: -Dcom.sun.management.jmxremote.port=8099
25-Sep-2019 07:23:45.500 INFORMAZIONI [main] org.apache.catalina.startup.VersionLoggerListener.log Command line argument: -Dcom.sun.management.jmxremote.ssl=false
25-Sep-2019 07:23:45.500 INFORMAZIONI [main] org.apache.catalina.startup.VersionLoggerListener.log Command line argument: -Dfile.encoding=UTF8
25-Sep-2019 07:23:45.500 INFORMAZIONI [main] org.apache.catalina.startup.VersionLoggerListener.log Command line argument: -Djava.endorsed.dirs=C:/Users/ganda/Desktop/HD Tes/gitlay/gitlay-workspace/bundles/tomcat-9.0.6/endorsed
25-Sep-2019 07:23:45.500 INFORMAZIONI [main] org.apache.catalina.startup.VersionLoggerListener.log Command line argument: -Djava.io.tmpdir=C:/Users/ganda/Desktop/HD Tes/gitlay/gitlay-workspace/bundles/tomcat-9.0.6/temp
25-Sep-2019 07:23:45.500 INFORMAZIONI [main] org.apache.catalina.startup.VersionLoggerListener.log Command line argument: -Djava.net.preferIPv4Stack=true
25-Sep-2019 07:23:45.500 INFORMAZIONI [main] org.apache.catalina.startup.VersionLoggerListener.log Command line argument: -Djava.util.logging.config.file=C:/Users/ganda/Desktop/HD Tes/gitlay/gitlay-workspace/bundles/tomcat-9.0.6/conf/logging.properties
25-Sep-2019 07:23:45.500 INFORMAZIONI [main] org.apache.catalina.startup.VersionLoggerListener.log Command line argument: -Djava.util.logging.manager=org.apache.juli.ClassLoaderLogManager
25-Sep-2019 07:23:45.500 INFORMAZIONI [main] org.apache.catalina.startup.VersionLoggerListener.log Command line argument: -Dorg.apache.catalina.loader.WebappClassLoader.ENABLE_CLEAR_REFERENCES=false
25-Sep-2019 07:23:45.500 INFORMAZIONI [main] org.apache.catalina.startup.VersionLoggerListener.log Command line argument: -Duser.timezone=GMT
25-Sep-2019 07:23:45.500 INFORMAZIONI [main] org.apache.catalina.core.AprLifecycleListener.lifecycleEvent The APR based Apache Tomcat Native library which allows optimal performance in production environments was not found on the java.library.path: [C:\Program Files\Java\jdk1.8.0_181\bin;C:\WINDOWS\Sun\Java\bin;C:\WINDOWS\system32;C:\WINDOWS;C:/Program Files/Java/jdk1.8.0_181/bin/../jre/bin/server;C:/Program Files/Java/jdk1.8.0_181/bin/../jre/bin;C:/Program Files/Java/jdk1.8.0_181/bin/../jre/lib/amd64;C:\windows\system32;C:\windows;C:\windows\System32\Wbem;C:\windows\System32\WindowsPowerShell\v1.0\;C:\windows\System32\OpenSSH\;C:\Program Files (x86)\NVIDIA Corporation\PhysX\Common;C:\WINDOWS\system32;C:\WINDOWS;C:\WINDOWS\System32\Wbem;C:\WINDOWS\System32\WindowsPowerShell\v1.0\;C:\WINDOWS\System32\OpenSSH\;C:\Users\ganda\.jpm\windows\bin;C:\Program Files\Java\jdk1.8.0_181\bin;C:\Program Files (x86)\Intel\Intel(R) Management Engine Components\DAL;C:\Program Files\Intel\Intel(R) Management Engine Components\DAL;C:\Program Files\nodejs\;C:\Program Files\Git\cmd;C:\Program Files\MySQL\MySQL Shell 8.0\bin\;C:\Users\ganda\AppData\Local\Programs\Microsoft VS Code\bin;C:\Users\ganda\AppData\Local\Microsoft\WindowsApps;;C:\Program Files\JetBrains\IntelliJ IDEA Community Edition 2019.2.2\bin;;C:\Users\ganda\AppData\Roaming\npm;C:\Program Files (x86)\LiferayProjectSDKwithDevStudioDXP\liferay-developer-studio;;.]
25-Sep-2019 07:23:45.616 INFORMAZIONI [main] org.apache.coyote.AbstractProtocol.init Initializing ProtocolHandler ["http-nio-8080"]
25-Sep-2019 07:23:45.616 INFORMAZIONI [main] org.apache.tomcat.util.net.NioSelectorPool.getSharedSelector Using a shared selector for servlet write/read
25-Sep-2019 07:23:45.631 INFORMAZIONI [main] org.apache.coyote.AbstractProtocol.init Initializing ProtocolHandler ["ajp-nio-8009"]
25-Sep-2019 07:23:45.631 INFORMAZIONI [main] org.apache.tomcat.util.net.NioSelectorPool.getSharedSelector Using a shared selector for servlet write/read
25-Sep-2019 07:23:45.631 INFORMAZIONI [main] org.apache.catalina.startup.Catalina.load Initialization processed in 378 ms
25-Sep-2019 07:23:45.647 INFORMAZIONI [main] org.apache.catalina.core.StandardService.startInternal Starting service [Catalina]
25-Sep-2019 07:23:45.647 INFORMAZIONI [main] org.apache.catalina.core.StandardEngine.startInternal Starting Servlet Engine: Apache Tomcat/9.0.6
25-Sep-2019 07:23:45.647 INFORMAZIONI [main] org.apache.catalina.startup.HostConfig.deployDescriptor Deploying deployment descriptor [C:\Users\ganda\Desktop\HD Tes\gitlay\gitlay-workspace\bundles\tomcat-9.0.6\conf\Catalina\localhost\ROOT.xml]
25-Sep-2019 07:23:45.669 AVVERTENZA [main] org.apache.catalina.startup.HostConfig.deployDescriptor The path attribute with value [] in deployment descriptor [C:\Users\ganda\Desktop\HD Tes\gitlay\gitlay-workspace\bundles\tomcat-9.0.6\conf\Catalina\localhost\ROOT.xml] has been ignored
25-Sep-2019 07:28:52.857 INFORMAZIONI [main] org.apache.catalina.startup.HostConfig.deployDescriptor Deployment of deployment descriptor [C:\Users\ganda\Desktop\HD Tes\gitlay\gitlay-workspace\bundles\tomcat-9.0.6\conf\Catalina\localhost\ROOT.xml] has finished in [307,210] ms
25-Sep-2019 07:28:52.865 INFORMAZIONI [main] org.apache.coyote.AbstractProtocol.start Starting ProtocolHandler ["http-nio-8080"]
25-Sep-2019 07:28:52.875 INFORMAZIONI [main] org.apache.coyote.AbstractProtocol.start Starting ProtocolHandler ["ajp-nio-8009"]
25-Sep-2019 07:28:52.875 INFORMAZIONI [main] org.apache.catalina.startup.Catalina.start Server startup in 307242 ms
25-Sep-2019 07:43:04.658 INFORMAZIONI [main] org.apache.catalina.core.StandardServer.await A valid shutdown command was received via the shutdown port. Stopping the Server instance.
25-Sep-2019 07:43:04.662 INFORMAZIONI [main] org.apache.coyote.AbstractProtocol.pause Pausing ProtocolHandler ["http-nio-8080"]
25-Sep-2019 07:43:04.888 INFORMAZIONI [main] org.apache.coyote.AbstractProtocol.pause Pausing ProtocolHandler ["ajp-nio-8009"]
25-Sep-2019 07:43:05.118 INFORMAZIONI [main] org.apache.catalina.core.StandardService.stopInternal Stopping service [Catalina]
25-Sep-2019 07:43:45.468 AVVERTENZA [main] org.apache.catalina.loader.WebappClassLoaderBase.clearReferencesThreads The web application [ROOT] appears to have started a thread named [Framework Event Dispatcher: Equinox Container: e0469d6f-65df-0019-1deb-dc5ee2f023eb] but has failed to stop it. This is very likely to create a memory leak. Stack trace of thread:
 java.lang.Object.wait(Native Method)
 java.lang.Object.wait(Object.java:502)
 org.eclipse.osgi.framework.eventmgr.EventManager$EventThread.getNextEvent(EventManager.java:400)
 org.eclipse.osgi.framework.eventmgr.EventManager$EventThread.run(EventManager.java:336)
25-Sep-2019 07:43:45.476 AVVERTENZA [main] org.apache.catalina.loader.WebappClassLoaderBase.clearReferencesThreads The web application [ROOT] appears to have started a thread named [Refresh Thread: Equinox Container: e0469d6f-65df-0019-1deb-dc5ee2f023eb] but has failed to stop it. This is very likely to create a memory leak. Stack trace of thread:
 java.lang.Object.wait(Native Method)
 java.lang.Object.wait(Object.java:502)
 org.eclipse.osgi.framework.eventmgr.EventManager$EventThread.getNextEvent(EventManager.java:400)
 org.eclipse.osgi.framework.eventmgr.EventManager$EventThread.run(EventManager.java:336)
25-Sep-2019 07:43:45.476 AVVERTENZA [main] org.apache.catalina.loader.WebappClassLoaderBase.clearReferencesThreads The web application [ROOT] appears to have started a thread named [Framework stop] but has failed to stop it. This is very likely to create a memory leak. Stack trace of thread:
 org.eclipse.osgi.container.ModuleContainer$ContainerStartLevel.doContainerStartLevel(ModuleContainer.java:1511)
 org.eclipse.osgi.container.SystemModule.stopWorker(SystemModule.java:248)
 org.eclipse.osgi.internal.framework.EquinoxBundle$SystemBundle$EquinoxSystemModule.stopWorker(EquinoxBundle.java:141)
 org.eclipse.osgi.container.Module.doStop(Module.java:621)
 org.eclipse.osgi.container.Module.stop(Module.java:483)
 org.eclipse.osgi.container.SystemModule.stop(SystemModule.java:186)
 org.eclipse.osgi.internal.framework.EquinoxBundle$SystemBundle$EquinoxSystemModule$1.run(EquinoxBundle.java:159)
 java.lang.Thread.run(Thread.java:748)
25-Sep-2019 07:43:45.477 GRAVE [main] org.apache.catalina.loader.WebappClassLoaderBase.checkThreadLocalMapForLeaks The web application [ROOT] created a ThreadLocal with key of type [java.lang.ThreadLocal] (value [java.lang.ThreadLocal@48e50bde]) and a value of type [org.apache.logging.log4j.message.ReusableParameterizedMessage] (value [ReusableParameterizedMessage[messagePattern={}, stringArgs=[null], throwable=null]]) but failed to remove it when the web application was stopped. Threads are going to be renewed over time to try and avoid a probable memory leak.
25-Sep-2019 07:43:45.478 GRAVE [main] org.apache.catalina.loader.WebappClassLoaderBase.checkThreadLocalMapForLeaks The web application [ROOT] created a ThreadLocal with key of type [java.lang.ThreadLocal] (value [java.lang.ThreadLocal@2dbbc430]) and a value of type [org.apache.logging.log4j.core.pattern.DatePatternConverter.FixedFormatter] (value [org.apache.logging.log4j.core.pattern.DatePatternConverter$FixedFormatter@785c85ac]) but failed to remove it when the web application was stopped. Threads are going to be renewed over time to try and avoid a probable memory leak.
25-Sep-2019 07:43:45.478 GRAVE [main] org.apache.catalina.loader.WebappClassLoaderBase.checkThreadLocalMapForLeaks The web application [ROOT] created a ThreadLocal with key of type [java.lang.ThreadLocal] (value [java.lang.ThreadLocal@6427e00e]) and a value of type [org.apache.logging.log4j.core.impl.MutableLogEvent] (value [org.apache.logging.log4j.core.impl.MutableLogEvent@7fed0a4b]) but failed to remove it when the web application was stopped. Threads are going to be renewed over time to try and avoid a probable memory leak.
25-Sep-2019 07:43:45.478 GRAVE [main] org.apache.catalina.loader.WebappClassLoaderBase.checkThreadLocalMapForLeaks The web application [ROOT] created a ThreadLocal with key of type [java.lang.ThreadLocal] (value [java.lang.ThreadLocal@5e2c5f32]) and a value of type [org.apache.logging.log4j.message.ReusableSimpleMessage] (value [org.apache.logging.log4j.message.ReusableSimpleMessage@42c1c0be]) but failed to remove it when the web application was stopped. Threads are going to be renewed over time to try and avoid a probable memory leak.
25-Sep-2019 07:43:45.478 GRAVE [main] org.apache.catalina.loader.WebappClassLoaderBase.checkThreadLocalMapForLeaks The web application [ROOT] created a ThreadLocal with key of type [java.lang.ThreadLocal] (value [java.lang.ThreadLocal@193d6f78]) and a value of type [io.netty.util.internal.InternalThreadLocalMap] (value [io.netty.util.internal.InternalThreadLocalMap@e158146]) but failed to remove it when the web application was stopped. Threads are going to be renewed over time to try and avoid a probable memory leak.
25-Sep-2019 07:43:45.478 GRAVE [main] org.apache.catalina.loader.WebappClassLoaderBase.checkThreadLocalMapForLeaks The web application [ROOT] created a ThreadLocal with key of type [java.lang.ThreadLocal] (value [java.lang.ThreadLocal@2dbbc430]) and a value of type [org.apache.logging.log4j.core.pattern.DatePatternConverter.FixedFormatter] (value [org.apache.logging.log4j.core.pattern.DatePatternConverter$FixedFormatter@7ef468a8]) but failed to remove it when the web application was stopped. Threads are going to be renewed over time to try and avoid a probable memory leak.
25-Sep-2019 07:43:45.478 GRAVE [main] org.apache.catalina.loader.WebappClassLoaderBase.checkThreadLocalMapForLeaks The web application [ROOT] created a ThreadLocal with key of type [java.lang.ThreadLocal] (value [java.lang.ThreadLocal@6427e00e]) and a value of type [org.apache.logging.log4j.core.impl.MutableLogEvent] (value [org.apache.logging.log4j.core.impl.MutableLogEvent@c408ea1]) but failed to remove it when the web application was stopped. Threads are going to be renewed over time to try and avoid a probable memory leak.
25-Sep-2019 07:43:45.478 GRAVE [main] org.apache.catalina.loader.WebappClassLoaderBase.checkThreadLocalMapForLeaks The web application [ROOT] created a ThreadLocal with key of type [java.lang.ThreadLocal] (value [java.lang.ThreadLocal@5e2c5f32]) and a value of type [org.apache.logging.log4j.message.ReusableSimpleMessage] (value [org.apache.logging.log4j.message.ReusableSimpleMessage@2e7d31de]) but failed to remove it when the web application was stopped. Threads are going to be renewed over time to try and avoid a probable memory leak.
25-Sep-2019 07:43:45.488 INFORMAZIONI [main] org.apache.coyote.AbstractProtocol.stop Stopping ProtocolHandler ["http-nio-8080"]
25-Sep-2019 07:43:45.493 INFORMAZIONI [main] org.apache.coyote.AbstractProtocol.stop Stopping ProtocolHandler ["ajp-nio-8009"]
25-Sep-2019 07:43:45.493 INFORMAZIONI [main] org.apache.coyote.AbstractProtocol.destroy Destroying ProtocolHandler ["http-nio-8080"]
25-Sep-2019 07:43:45.493 INFORMAZIONI [main] org.apache.coyote.AbstractProtocol.destroy Destroying ProtocolHandler ["ajp-nio-8009"]
25-Sep-2019 07:43:48.428 INFORMAZIONI [Framework stop] org.apache.catalina.loader.WebappClassLoaderBase.checkStateForResourceLoading Illegal access: this web application instance has been stopped already. Could not load [java.util.concurrent.ScheduledFuture]. The following stack trace is thrown for debugging purposes as well as to attempt to terminate the thread which caused the illegal access.
 java.lang.IllegalStateException: Illegal access: this web application instance has been stopped already. Could not load [java.util.concurrent.ScheduledFuture]. The following stack trace is thrown for debugging purposes as well as to attempt to terminate the thread which caused the illegal access.
	at org.apache.catalina.loader.WebappClassLoaderBase.checkStateForResourceLoading(WebappClassLoaderBase.java:1295)
	at org.apache.catalina.loader.WebappClassLoaderBase.checkStateForClassLoading(WebappClassLoaderBase.java:1283)
	at org.apache.catalina.loader.WebappClassLoaderBase.loadClass(WebappClassLoaderBase.java:1142)
	at java.lang.ClassLoader.loadClass(ClassLoader.java:411)
	at com.liferay.portal.module.framework.ModuleFrameworkClassLoader.loadClass(ModuleFrameworkClassLoader.java:98)
	at java.lang.ClassLoader.loadClass(ClassLoader.java:357)
	at org.eclipse.osgi.internal.framework.StorageSaver.unscheduleTask(StorageSaver.java:94)
	at org.eclipse.osgi.internal.framework.StorageSaver.close(StorageSaver.java:51)
	at org.eclipse.osgi.internal.framework.EquinoxContainer.close(EquinoxContainer.java:175)
	at org.eclipse.osgi.internal.framework.EquinoxBundle$SystemBundle$EquinoxSystemModule.stopWorker(EquinoxBundle.java:143)
	at org.eclipse.osgi.container.Module.doStop(Module.java:621)
	at org.eclipse.osgi.container.Module.stop(Module.java:483)
	at org.eclipse.osgi.container.SystemModule.stop(SystemModule.java:186)
	at org.eclipse.osgi.internal.framework.EquinoxBundle$SystemBundle$EquinoxSystemModule$1.run(EquinoxBundle.java:159)
	at java.lang.Thread.run(Thread.java:748)

